[ 2018-08-15T16:23:19+00:00 ] 58.100.74.128 /mobile/index.php?m=user&a=paipaibuy
ERR: 1064:You have an error in your SQL syntax; check the manual that corresponds to your MySQL server version for the right syntax to use near 'user_id=3465' at line 1
 [ SQL语句 ] : select * from dsc_paipai_seller where usestaus=0 and goods_id = 1023and user_id=3465
ERR: 1064:You have an error in your SQL syntax; check the manual that corresponds to your MySQL server version for the right syntax to use near 'user_id=3465' at line 1
 [ SQL语句 ] : select * from dsc_paipai_seller where usestaus=0 and goods_id = 1023and user_id=3465

[ 2018-08-15T16:24:45+00:00 ] 58.100.74.128 /mobile/index.php?m=user&a=paipaibuy
ERR: 1064:You have an error in your SQL syntax; check the manual that corresponds to your MySQL server version for the right syntax to use near 'where order_id=150' at line 1
 [ SQL语句 ] : update dsc_order_info set pay_status =0 ,order_status=0, order_amount= where order_id=150
ERR: 1064:You have an error in your SQL syntax; check the manual that corresponds to your MySQL server version for the right syntax to use near 'where order_id=150' at line 1
 [ SQL语句 ] : update dsc_order_info set pay_status =0 ,order_status=0, order_amount= where order_id=150

[ 2018-08-15T20:54:16+00:00 ] 58.100.74.128 /mobile/index.php?m=user&a=paipaibuy
ERR: 1064:You have an error in your SQL syntax; check the manual that corresponds to your MySQL server version for the right syntax to use near 'goods_amount= where order_id=' at line 1
 [ SQL语句 ] : update dsc_order_info set pay_status =0 ,order_status=0, shipping_status=0, order_amount=,goods_amount= where order_id=
ERR: 1064:You have an error in your SQL syntax; check the manual that corresponds to your MySQL server version for the right syntax to use near 'goods_amount= where order_id=' at line 1
 [ SQL语句 ] : update dsc_order_info set pay_status =0 ,order_status=0, shipping_status=0, order_amount=,goods_amount= where order_id=

[ 2018-08-15T20:54:18+00:00 ] 58.100.74.128 /mobile/index.php?m=user&a=paipaibuy
ERR: 1064:You have an error in your SQL syntax; check the manual that corresponds to your MySQL server version for the right syntax to use near 'goods_amount= where order_id=' at line 1
 [ SQL语句 ] : update dsc_order_info set pay_status =0 ,order_status=0, shipping_status=0, order_amount=,goods_amount= where order_id=
ERR: 1064:You have an error in your SQL syntax; check the manual that corresponds to your MySQL server version for the right syntax to use near 'goods_amount= where order_id=' at line 1
 [ SQL语句 ] : update dsc_order_info set pay_status =0 ,order_status=0, shipping_status=0, order_amount=,goods_amount= where order_id=

[ 2018-08-15T20:54:19+00:00 ] 58.100.74.128 /mobile/index.php?m=user&a=paipaibuy
ERR: 1064:You have an error in your SQL syntax; check the manual that corresponds to your MySQL server version for the right syntax to use near 'goods_amount= where order_id=' at line 1
 [ SQL语句 ] : update dsc_order_info set pay_status =0 ,order_status=0, shipping_status=0, order_amount=,goods_amount= where order_id=
ERR: 1064:You have an error in your SQL syntax; check the manual that corresponds to your MySQL server version for the right syntax to use near 'goods_amount= where order_id=' at line 1
 [ SQL语句 ] : update dsc_order_info set pay_status =0 ,order_status=0, shipping_status=0, order_amount=,goods_amount= where order_id=

