执行日期：2018-08-15 17:00:35
array (
  'return_code' => 'FAIL',
  'return_msg' => '商户号该产品权限预开通中，请等待产品开通后重试',
)
执行日期：2018-08-16 03:14:08
array (
  'return_code' => 'FAIL',
  'return_msg' => '商户号该产品权限预开通中，请等待产品开通后重试',
)
执行日期：2018-08-16 03:15:08
array (
  'return_code' => 'FAIL',
  'return_msg' => '商户号该产品权限预开通中，请等待产品开通后重试',
)
执行日期：2018-08-16 03:15:11
array (
  'return_code' => 'FAIL',
  'return_msg' => '商户号该产品权限预开通中，请等待产品开通后重试',
)
执行日期：2018-08-16 03:15:12
array (
  'return_code' => 'FAIL',
  'return_msg' => '商户号该产品权限预开通中，请等待产品开通后重试',
)
执行日期：2018-08-16 03:15:14
array (
  'return_code' => 'FAIL',
  'return_msg' => '商户号该产品权限预开通中，请等待产品开通后重试',
)
执行日期：2018-08-16 03:15:17
array (
  'return_code' => 'FAIL',
  'return_msg' => '商户号该产品权限预开通中，请等待产品开通后重试',
)
执行日期：2018-08-16 03:19:28
array (
  'return_code' => 'FAIL',
  'return_msg' => '商户号该产品权限预开通中，请等待产品开通后重试',
)
执行日期：2018-08-16 03:23:01
array (
  'return_code' => 'FAIL',
  'return_msg' => '商户号该产品权限预开通中，请等待产品开通后重试',
)
执行日期：2018-08-16 07:31:45
array (
  'return_code' => 'FAIL',
  'return_msg' => '商户号该产品权限预开通中，请等待产品开通后重试',
)
执行日期：2018-08-16 07:32:15
array (
  'return_code' => 'FAIL',
  'return_msg' => '商户号该产品权限预开通中，请等待产品开通后重试',
)
执行日期：2018-08-24 07:57:19
array (
  'return_code' => 'FAIL',
  'return_msg' => '商户号该产品权限预开通中，请等待产品开通后重试',
)
执行日期：2018-08-24 08:20:50
array (
  'return_code' => 'FAIL',
  'return_msg' => '商户号该产品权限预开通中，请等待产品开通后重试',
)
执行日期：2018-08-24 08:20:58
array (
  'return_code' => 'FAIL',
  'return_msg' => '商户号该产品权限预开通中，请等待产品开通后重试',
)
